<?xml version="1.0" encoding="UTF-8"?>
<coverage generated="1670396867929" clover="3.2.0">
  <project timestamp="1670396867929" name="All files">
    <metrics statements="18" coveredstatements="18" conditionals="8" coveredconditionals="7" methods="7" coveredmethods="6" elements="33" coveredelements="31" complexity="0" loc="18" ncloc="18" packages="1" files="1" classes="1"/>
    <file name="diff-gen.js" path="/home/admin1/projects/frontend-project-46/src/diff-gen.js">
      <metrics statements="18" coveredstatements="18" conditionals="8" coveredconditionals="7" methods="7" coveredmethods="6"/>
      <line num="7" count="1" type="stmt"/>
      <line num="8" count="1" type="stmt"/>
      <line num="10" count="4" type="stmt"/>
      <line num="11" count="1" type="stmt"/>
      <line num="13" count="4" type="stmt"/>
      <line num="16" count="2" type="stmt"/>
      <line num="17" count="4" type="cond" truecount="1" falsecount="1"/>
      <line num="19" count="2" type="stmt"/>
      <line num="20" count="4" type="stmt"/>
      <line num="21" count="2" type="stmt"/>
      <line num="23" count="2" type="stmt"/>
      <line num="24" count="2" type="stmt"/>
      <line num="26" count="2" type="stmt"/>
      <line num="27" count="5" type="cond" truecount="2" falsecount="0"/>
      <line num="28" count="2" type="cond" truecount="2" falsecount="0"/>
      <line num="32" count="3" type="cond" truecount="2" falsecount="0"/>
      <line num="37" count="2" type="stmt"/>
      <line num="38" count="2" type="stmt"/>
    </file>
  </project>
</coverage>
