{"/home/admin1/projects/frontend-project-46/src/diff-gen.js": {"path":"/home/admin1/projects/frontend-project-46/src/diff-gen.js","statementMap":{"0":{"start":{"line":7,"column":19},"end":{"line":7,"column":49}},"1":{"start":{"line":8,"column":18},"end":{"line":8,"column":37}},"2":{"start":{"line":10,"column":26},"end":{"line":10,"column":77}},"3":{"start":{"line":10,"column":40},"end":{"line":10,"column":77}},"4":{"start":{"line":11,"column":25},"end":{"line":11,"column":75}},"5":{"start":{"line":11,"column":39},"end":{"line":11,"column":75}},"6":{"start":{"line":13,"column":23},"end":{"line":13,"column":89}},"7":{"start":{"line":13,"column":37},"end":{"line":13,"column":89}},"8":{"start":{"line":16,"column":22},"end":{"line":17,"column":123}},"9":{"start":{"line":17,"column":24},"end":{"line":17,"column":121}},"10":{"start":{"line":19,"column":25},"end":{"line":19,"column":36}},"11":{"start":{"line":20,"column":15},"end":{"line":20,"column":59}},"12":{"start":{"line":20,"column":41},"end":{"line":20,"column":58}},"13":{"start":{"line":21,"column":25},"end":{"line":21,"column":29}},"14":{"start":{"line":23,"column":24},"end":{"line":23,"column":52}},"15":{"start":{"line":24,"column":20},"end":{"line":24,"column":51}},"16":{"start":{"line":26,"column":18},"end":{"line":35,"column":8}},"17":{"start":{"line":27,"column":4},"end":{"line":31,"column":5}},"18":{"start":{"line":28,"column":6},"end":{"line":30,"column":75}},"19":{"start":{"line":32,"column":4},"end":{"line":34,"column":45}},"20":{"start":{"line":37,"column":15},"end":{"line":37,"column":31}},"21":{"start":{"line":38,"column":2},"end":{"line":38,"column":14}}},"fnMap":{"0":{"name":"(anonymous_0)","decl":{"start":{"line":10,"column":26},"end":{"line":10,"column":27}},"loc":{"start":{"line":10,"column":40},"end":{"line":10,"column":77}},"line":10},"1":{"name":"(anonymous_1)","decl":{"start":{"line":11,"column":25},"end":{"line":11,"column":26}},"loc":{"start":{"line":11,"column":39},"end":{"line":11,"column":75}},"line":11},"2":{"name":"(anonymous_2)","decl":{"start":{"line":13,"column":23},"end":{"line":13,"column":24}},"loc":{"start":{"line":13,"column":37},"end":{"line":13,"column":89}},"line":13},"3":{"name":"(anonymous_3)","decl":{"start":{"line":15,"column":15},"end":{"line":15,"column":16}},"loc":{"start":{"line":15,"column":33},"end":{"line":39,"column":1}},"line":15},"4":{"name":"(anonymous_4)","decl":{"start":{"line":17,"column":9},"end":{"line":17,"column":10}},"loc":{"start":{"line":17,"column":24},"end":{"line":17,"column":121}},"line":17},"5":{"name":"(anonymous_5)","decl":{"start":{"line":20,"column":31},"end":{"line":20,"column":32}},"loc":{"start":{"line":20,"column":41},"end":{"line":20,"column":58}},"line":20},"6":{"name":"(anonymous_6)","decl":{"start":{"line":26,"column":35},"end":{"line":26,"column":36}},"loc":{"start":{"line":26,"column":49},"end":{"line":35,"column":3}},"line":26}},"branchMap":{"0":{"loc":{"start":{"line":17,"column":24},"end":{"line":17,"column":121}},"type":"cond-expr","locations":[{"start":{"line":17,"column":65},"end":{"line":17,"column":92}},{"start":{"line":17,"column":95},"end":{"line":17,"column":121}}],"line":17},"1":{"loc":{"start":{"line":27,"column":4},"end":{"line":31,"column":5}},"type":"if","locations":[{"start":{"line":27,"column":4},"end":{"line":31,"column":5}},{"start":{},"end":{}}],"line":27},"2":{"loc":{"start":{"line":28,"column":13},"end":{"line":30,"column":74}},"type":"cond-expr","locations":[{"start":{"line":29,"column":10},"end":{"line":29,"column":46}},{"start":{"line":30,"column":10},"end":{"line":30,"column":74}}],"line":28},"3":{"loc":{"start":{"line":32,"column":11},"end":{"line":34,"column":44}},"type":"cond-expr","locations":[{"start":{"line":33,"column":8},"end":{"line":33,"column":44}},{"start":{"line":34,"column":8},"end":{"line":34,"column":44}}],"line":32}},"s":{"0":1,"1":1,"2":1,"3":4,"4":1,"5":0,"6":1,"7":4,"8":2,"9":4,"10":2,"11":2,"12":4,"13":2,"14":2,"15":2,"16":2,"17":5,"18":2,"19":3,"20":2,"21":2},"f":{"0":4,"1":0,"2":4,"3":2,"4":4,"5":4,"6":5},"b":{"0":[4,0],"1":[2,3],"2":[1,1],"3":[2,1]},"_coverageSchema":"1a1c01bbd47fc00a2c39e90264f33305004495a9","hash":"6838086bc1e47f4aaedba5e3cbfe5f91e96cd133"}
}
