TN:
SF:src/diff-gen.js
FN:10,(anonymous_0)
FN:11,(anonymous_1)
FN:13,(anonymous_2)
FN:15,(anonymous_3)
FN:17,(anonymous_4)
FN:20,(anonymous_5)
FN:26,(anonymous_6)
FNF:7
FNH:6
FNDA:4,(anonymous_0)
FNDA:0,(anonymous_1)
FNDA:4,(anonymous_2)
FNDA:2,(anonymous_3)
FNDA:4,(anonymous_4)
FNDA:4,(anonymous_5)
FNDA:5,(anonymous_6)
DA:7,1
DA:8,1
DA:10,4
DA:11,1
DA:13,4
DA:16,2
DA:17,4
DA:19,2
DA:20,4
DA:21,2
DA:23,2
DA:24,2
DA:26,2
DA:27,5
DA:28,2
DA:32,3
DA:37,2
DA:38,2
LF:18
LH:18
BRDA:17,0,0,4
BRDA:17,0,1,0
BRDA:27,1,0,2
BRDA:27,1,1,3
BRDA:28,2,0,1
BRDA:28,2,1,1
BRDA:32,3,0,2
BRDA:32,3,1,1
BRF:8
BRH:7
end_of_record
